2015-04-26 09:38:24 INFO  [pool-1-thread-1] LogInvoHandler :: ____invoke method: addMsg; args: [{"msg":{"publisher":"쨝쥙풣","msgNum":"1","receiver":null,"words":null}}]; return: null
2015-04-26 09:38:24 INFO  [Thread-0       ] LogInvoHandler :: ____invoke method: getMsg; args: null; return: {"msg":{"publisher":"쨝쥙풣","msgNum":"1","receiver":null,"words":null}}
2015-04-26 09:38:26 INFO  [pool-1-thread-1] LogInvoHandler :: ____invoke method: addMsg; args: [{"msg":{"publisher":"쨝쥙풣","msgNum":"1","receiver":null,"words":null}}]; return: null
2015-04-26 09:38:26 INFO  [Thread-0       ] LogInvoHandler :: ____invoke method: getMsg; args: null; return: {"msg":{"publisher":"쨝쥙풣","msgNum":"1","receiver":null,"words":null}}
2015-04-26 09:38:40 INFO  [pool-1-thread-3] LogInvoHandler :: ____invoke method: addMsg; args: [{"msg":{"publisher":"훴커췱","msgNum":"1","receiver":null,"words":null}}]; return: null
2015-04-26 09:38:40 INFO  [Thread-0       ] LogInvoHandler :: ____invoke method: getMsg; args: null; return: {"msg":{"publisher":"훴커췱","msgNum":"1","receiver":null,"words":null}}
2015-04-26 09:38:45 INFO  [pool-1-thread-3] LogInvoHandler :: ____invoke method: addMsg; args: [{"msg":{"publisher":"훴커췱","msgNum":"2","receiver":"쨝쥙풣","words":"왂옿"}}]; return: null
2015-04-26 09:38:45 INFO  [Thread-0       ] LogInvoHandler :: ____invoke method: getMsg; args: null; return: {"msg":{"publisher":"훴커췱","msgNum":"2","receiver":"쨝쥙풣","words":"왂옿"}}
2015-04-26 09:38:55 INFO  [pool-1-thread-1] LogInvoHandler :: ____invoke method: addMsg; args: [{"msg":{"publisher":"쨝쥙풣","msgNum":"2","receiver":"훴커췱","words":"웲옿웲"}}]; return: null
2015-04-26 09:38:55 INFO  [Thread-0       ] LogInvoHandler :: ____invoke method: getMsg; args: null; return: {"msg":{"publisher":"쨝쥙풣","msgNum":"2","receiver":"훴커췱","words":"웲옿웲"}}
2015-04-26 09:39:02 INFO  [pool-1-thread-3] LogInvoHandler :: ____invoke method: addMsg; args: [{"msg":{"publisher":"훴커췱","msgNum":"3","receiver":null,"words":"찞廚"}}]; return: null
2015-04-26 09:39:02 INFO  [Thread-0       ] LogInvoHandler :: ____invoke method: getMsg; args: null; return: {"msg":{"publisher":"훴커췱","msgNum":"3","receiver":null,"words":"찞廚"}}
2015-04-26 09:40:27 INFO  [Thread-0       ] LogInvoHandler :: ____invoke method: getMsg; args: null; return: {"msg":{"publisher":"쨝쥙풣","msgNum":"1","receiver":null,"words":null}}
2015-04-26 09:40:27 INFO  [pool-1-thread-1] LogInvoHandler :: ____invoke method: addMsg; args: [{"msg":{"publisher":"쨝쥙풣","msgNum":"1","receiver":null,"words":null}}]; return: null
2015-04-26 09:40:31 INFO  [pool-1-thread-1] LogInvoHandler :: ____invoke method: addMsg; args: [{"msg":{"publisher":"쨝쥙풣","msgNum":"3","receiver":null,"words":"잏읻"}}]; return: null
2015-04-26 09:40:31 INFO  [Thread-0       ] LogInvoHandler :: ____invoke method: getMsg; args: null; return: {"msg":{"publisher":"쨝쥙풣","msgNum":"3","receiver":null,"words":"잏읻"}}
2015-04-26 09:40:44 INFO  [pool-1-thread-2] LogInvoHandler :: ____invoke method: addMsg; args: [{"msg":{"publisher":"훴커췱","msgNum":"1","receiver":null,"words":null}}]; return: null
2015-04-26 09:40:44 INFO  [Thread-0       ] LogInvoHandler :: ____invoke method: getMsg; args: null; return: {"msg":{"publisher":"훴커췱","msgNum":"1","receiver":null,"words":null}}
2015-04-26 09:40:50 INFO  [pool-1-thread-1] LogInvoHandler :: ____invoke method: addMsg; args: [{"msg":{"publisher":"쨝쥙풣","msgNum":"3","receiver":null,"words":"왂옿"}}]; return: null
2015-04-26 09:40:50 INFO  [Thread-0       ] LogInvoHandler :: ____invoke method: getMsg; args: null; return: {"msg":{"publisher":"쨝쥙풣","msgNum":"3","receiver":null,"words":"왂옿"}}
2015-04-26 09:40:58 INFO  [pool-1-thread-2] LogInvoHandler :: ____invoke method: addMsg; args: [{"msg":{"publisher":"훴커췱","msgNum":"3","receiver":null,"words":"찞廚"}}]; return: null
2015-04-26 09:40:58 INFO  [Thread-0       ] LogInvoHandler :: ____invoke method: getMsg; args: null; return: {"msg":{"publisher":"훴커췱","msgNum":"3","receiver":null,"words":"찞廚"}}
2015-04-26 09:41:05 INFO  [pool-1-thread-1] LogInvoHandler :: ____invoke method: addMsg; args: [{"msg":{"publisher":"쨝쥙풣","msgNum":"3","receiver":null,"words":"찞廚"}}]; return: null
2015-04-26 09:41:05 INFO  [Thread-0       ] LogInvoHandler :: ____invoke method: getMsg; args: null; return: {"msg":{"publisher":"쨝쥙풣","msgNum":"3","receiver":null,"words":"찞廚"}}
2015-04-26 09:41:12 INFO  [pool-1-thread-2] LogInvoHandler :: ____invoke method: addMsg; args: [{"msg":{"publisher":"훴커췱","msgNum":"3","receiver":null,"words":"찞廚"}}]; return: null
2015-04-26 09:41:12 INFO  [Thread-0       ] LogInvoHandler :: ____invoke method: getMsg; args: null; return: {"msg":{"publisher":"훴커췱","msgNum":"3","receiver":null,"words":"찞廚"}}
2015-04-26 09:41:21 INFO  [pool-1-thread-2] LogInvoHandler :: ____invoke method: addMsg; args: [{"msg":{"publisher":"훴커췱","msgNum":"3","receiver":null,"words":"찞廚"}}]; return: null
2015-04-26 09:41:21 INFO  [Thread-0       ] LogInvoHandler :: ____invoke method: getMsg; args: null; return: {"msg":{"publisher":"훴커췱","msgNum":"3","receiver":null,"words":"찞廚"}}
2015-04-26 09:41:24 INFO  [pool-1-thread-1] LogInvoHandler :: ____invoke method: addMsg; args: [{"msg":{"publisher":"쨝쥙풣","msgNum":"3","receiver":null,"words":"찞廚"}}]; return: null
2015-04-26 09:41:24 INFO  [Thread-0       ] LogInvoHandler :: ____invoke method: getMsg; args: null; return: {"msg":{"publisher":"쨝쥙풣","msgNum":"3","receiver":null,"words":"찞廚"}}
2015-04-26 09:41:28 INFO  [pool-1-thread-1] LogInvoHandler :: ____invoke method: addMsg; args: [{"msg":{"publisher":"쨝쥙풣","msgNum":"3","receiver":null,"words":"퀏"}}]; return: null
2015-04-26 09:41:28 INFO  [Thread-0       ] LogInvoHandler :: ____invoke method: getMsg; args: null; return: {"msg":{"publisher":"쨝쥙풣","msgNum":"3","receiver":null,"words":"퀏"}}
2015-04-26 09:41:33 INFO  [pool-1-thread-2] LogInvoHandler :: ____invoke method: addMsg; args: [{"msg":{"publisher":"훴커췱","msgNum":"4","receiver":null,"words":null}}]; return: null
2015-04-26 09:41:33 INFO  [Thread-0       ] LogInvoHandler :: ____invoke method: getMsg; args: null; return: {"msg":{"publisher":"훴커췱","msgNum":"4","receiver":null,"words":null}}
2015-04-26 09:41:37 INFO  [pool-1-thread-1] LogInvoHandler :: ____invoke method: addMsg; args: [{"msg":{"publisher":"쨝쥙풣","msgNum":"4","receiver":null,"words":null}}]; return: null
2015-04-26 09:41:37 INFO  [Thread-0       ] LogInvoHandler :: ____invoke method: getMsg; args: null; return: {"msg":{"publisher":"쨝쥙풣","msgNum":"4","receiver":null,"words":null}}
2015-04-26 09:55:54 INFO  [Thread-0       ] LogInvoHandler :: ____invoke method: getMsg; args: null; return: {"msg":{"publisher":"쨝쥙풣","msgNum":"1","receiver":null,"words":null}}
2015-04-26 09:55:54 INFO  [pool-1-thread-1] LogInvoHandler :: ____invoke method: addMsg; args: [{"msg":{"publisher":"쨝쥙풣","msgNum":"1","receiver":null,"words":null}}]; return: null
2015-04-26 09:56:02 INFO  [pool-1-thread-1] LogInvoHandler :: ____invoke method: addMsg; args: [{"msg":{"publisher":"쨝쥙풣","msgNum":"4","receiver":null,"words":null}}]; return: null
2015-04-26 09:56:02 INFO  [Thread-0       ] LogInvoHandler :: ____invoke method: getMsg; args: null; return: {"msg":{"publisher":"쨝쥙풣","msgNum":"4","receiver":null,"words":null}}
2015-04-26 11:26:33 INFO  [pool-1-thread-1] LogInvoHandler :: ____invoke method: addMsg; args: [{"msg":{"publisher":"쨝쥙풣","msgNum":"1","receiver":null,"words":null}}]; return: null
2015-04-26 11:26:33 INFO  [Thread-1       ] LogInvoHandler :: ____invoke method: getMsg; args: null; return: {"msg":{"publisher":"쨝쥙풣","msgNum":"1","receiver":null,"words":null}}
2015-04-26 11:26:36 INFO  [pool-1-thread-1] LogInvoHandler :: ____invoke method: addMsg; args: [{"msg":{"publisher":"쨝쥙풣","msgNum":"4","receiver":null,"words":null}}]; return: null
2015-04-26 11:28:08 INFO  [Thread-1       ] LogInvoHandler :: ____invoke method: getMsg; args: null; return: {"msg":{"publisher":"쨝쥙풣","msgNum":"1","receiver":null,"words":null}}
2015-04-26 11:28:08 INFO  [pool-1-thread-1] LogInvoHandler :: ____invoke method: addMsg; args: [{"msg":{"publisher":"쨝쥙풣","msgNum":"1","receiver":null,"words":null}}]; return: null
2015-04-26 11:28:10 INFO  [pool-1-thread-1] LogInvoHandler :: ____invoke method: addMsg; args: [{"msg":{"publisher":"쨝쥙풣","msgNum":"4","receiver":null,"words":null}}]; return: null
2015-04-26 11:33:52 INFO  [pool-1-thread-1] LogInvoHandler :: ____invoke method: addMsg; args: [{"msg":{"publisher":"쨝쥙풣","msgNum":"1","receiver":null,"words":null}}]; return: null
2015-04-26 11:33:52 INFO  [Thread-1       ] LogInvoHandler :: ____invoke method: getMsg; args: null; return: {"msg":{"publisher":"쨝쥙풣","msgNum":"1","receiver":null,"words":null}}
2015-04-26 11:33:54 INFO  [pool-1-thread-1] LogInvoHandler :: ____invoke method: addMsg; args: [{"msg":{"publisher":"쨝쥙풣","msgNum":"4","receiver":null,"words":null}}]; return: null
2015-04-26 11:46:35 INFO  [pool-1-thread-1] LogInvoHandler :: ____invoke method: addMsg; args: [{"msg":{"publisher":"쨝쥙풣","msgNum":"1","receiver":null,"words":null}}]; return: null
2015-04-26 11:46:35 INFO  [Thread-1       ] LogInvoHandler :: ____invoke method: getMsg; args: null; return: {"msg":{"publisher":"쨝쥙풣","msgNum":"1","receiver":null,"words":null}}
2015-04-26 11:46:38 INFO  [pool-1-thread-1] LogInvoHandler :: ____invoke method: addMsg; args: [{"msg":{"publisher":"쨝쥙풣","msgNum":"4","receiver":null,"words":null}}]; return: null
2015-04-26 11:48:32 INFO  [pool-1-thread-1] LogInvoHandler :: ____invoke method: addMsg; args: [{"msg":{"publisher":"쨝쥙풣","msgNum":"1","receiver":null,"words":null}}]; return: null
2015-04-26 11:48:32 INFO  [Thread-1       ] LogInvoHandler :: ____invoke method: getMsg; args: null; return: {"msg":{"publisher":"쨝쥙풣","msgNum":"1","receiver":null,"words":null}}
2015-04-26 11:48:34 INFO  [pool-1-thread-1] LogInvoHandler :: ____invoke method: addMsg; args: [{"msg":{"publisher":"쨝쥙풣","msgNum":"4","receiver":null,"words":null}}]; return: null
2015-04-26 11:52:14 INFO  [pool-1-thread-1] LogInvoHandler :: ____invoke method: addMsg; args: [{"msg":{"publisher":"쨝쥙풣","msgNum":"1","receiver":null,"words":null}}]; return: null
2015-04-26 11:52:14 INFO  [Thread-1       ] LogInvoHandler :: ____invoke method: getMsg; args: null; return: {"msg":{"publisher":"쨝쥙풣","msgNum":"1","receiver":null,"words":null}}
2015-04-26 13:29:13 INFO  [Thread-1       ] LogInvoHandler :: ____invoke method: getMsg; args: null; return: {"msg":{"publisher":"쨝쥙풣","msgNum":"1","receiver":null,"words":null}}
2015-04-26 13:29:13 INFO  [pool-1-thread-1] LogInvoHandler :: ____invoke method: addMsg; args: [{"msg":{"publisher":"쨝쥙풣","msgNum":"1","receiver":null,"words":null}}]; return: null
2015-04-26 13:29:16 INFO  [pool-1-thread-1] LogInvoHandler :: ____invoke method: addMsg; args: [{"msg":{"publisher":"쨝쥙풣","msgNum":"4","receiver":null,"words":null}}]; return: null
2015-04-26 13:32:26 INFO  [Thread-1       ] LogInvoHandler :: ____invoke method: getMsg; args: null; return: {"msg":{"publisher":"쨝쥙풣","msgNum":"1","receiver":null,"words":null}}
2015-04-26 13:32:26 INFO  [pool-1-thread-1] LogInvoHandler :: ____invoke method: addMsg; args: [{"msg":{"publisher":"쨝쥙풣","msgNum":"1","receiver":null,"words":null}}]; return: null
2015-04-26 13:32:34 INFO  [pool-1-thread-1] LogInvoHandler :: ____invoke method: addMsg; args: [{"msg":{"publisher":"쨝쥙풣","msgNum":"4","receiver":null,"words":null}}]; return: null
2015-04-26 13:35:45 INFO  [Thread-1       ] LogInvoHandler :: ____invoke method: getMsg; args: null; return: {"msg":{"publisher":"쨝쥙풣","msgNum":"1","receiver":null,"words":null}}
2015-04-26 13:35:45 INFO  [pool-1-thread-1] LogInvoHandler :: ____invoke method: addMsg; args: [{"msg":{"publisher":"쨝쥙풣","msgNum":"1","receiver":null,"words":null}}]; return: null
2015-04-26 13:37:51 INFO  [Thread-1       ] LogInvoHandler :: ____invoke method: getMsg; args: null; return: {"msg":{"publisher":"쨝쥙풣","msgNum":"1","receiver":null,"words":null}}
2015-04-26 13:37:51 INFO  [pool-1-thread-1] LogInvoHandler :: ____invoke method: addMsg; args: [{"msg":{"publisher":"쨝쥙풣","msgNum":"1","receiver":null,"words":null}}]; return: null
2015-04-26 13:37:54 INFO  [pool-1-thread-1] LogInvoHandler :: ____invoke method: addMsg; args: [{"msg":{"publisher":"쨝쥙풣","msgNum":"4","receiver":null,"words":null}}]; return: null
2015-04-26 13:40:44 INFO  [Thread-1       ] LogInvoHandler :: ____invoke method: getMsg; args: null; return: {"msg":{"publisher":"쨝쥙풣","msgNum":"1","receiver":null,"words":null}}
2015-04-26 13:40:44 INFO  [pool-1-thread-1] LogInvoHandler :: ____invoke method: addMsg; args: [{"msg":{"publisher":"쨝쥙풣","msgNum":"1","receiver":null,"words":null}}]; return: null
2015-04-26 13:42:37 INFO  [Thread-1       ] LogInvoHandler :: ____invoke method: getMsg; args: null; return: {"msg":{"publisher":"쨝쥙풣","msgNum":"1","receiver":null,"words":null}}
2015-04-26 13:42:37 INFO  [pool-1-thread-1] LogInvoHandler :: ____invoke method: addMsg; args: [{"msg":{"publisher":"쨝쥙풣","msgNum":"1","receiver":null,"words":null}}]; return: null
2015-04-26 13:46:05 INFO  [Thread-1       ] LogInvoHandler :: ____invoke method: getMsg; args: null; return: {"msg":{"publisher":"쨝쥙풣","msgNum":"1","receiver":null,"words":null}}
2015-04-26 13:46:05 INFO  [pool-1-thread-1] LogInvoHandler :: ____invoke method: addMsg; args: [{"msg":{"publisher":"쨝쥙풣","msgNum":"1","receiver":null,"words":null}}]; return: null
2015-04-26 13:51:09 INFO  [pool-1-thread-1] LogInvoHandler :: ____invoke method: addMsg; args: [{"msg":{"publisher":"쨝쥙풣","msgNum":"1","receiver":null,"words":null}}]; return: null
2015-04-26 13:51:09 INFO  [Thread-1       ] LogInvoHandler :: ____invoke method: getMsg; args: null; return: {"msg":{"publisher":"쨝쥙풣","msgNum":"1","receiver":null,"words":null}}
2015-04-26 13:53:06 INFO  [pool-1-thread-1] LogInvoHandler :: ____invoke method: addMsg; args: [{"msg":{"publisher":"쨝쥙풣","msgNum":"1","receiver":null,"words":null}}]; return: null
2015-04-26 13:53:06 INFO  [Thread-1       ] LogInvoHandler :: ____invoke method: getMsg; args: null; return: {"msg":{"publisher":"쨝쥙풣","msgNum":"1","receiver":null,"words":null}}
2015-04-26 13:53:38 INFO  [Thread-1       ] LogInvoHandler :: ____invoke method: getMsg; args: null; return: {"msg":{"publisher":"쨝쥙풣","msgNum":"1","receiver":null,"words":null}}
2015-04-26 13:53:38 INFO  [pool-1-thread-1] LogInvoHandler :: ____invoke method: addMsg; args: [{"msg":{"publisher":"쨝쥙풣","msgNum":"1","receiver":null,"words":null}}]; return: null
2015-04-26 13:54:39 INFO  [pool-1-thread-1] LogInvoHandler :: ____invoke method: addMsg; args: [{"msg":{"publisher":"쨝쥙풣","msgNum":"1","receiver":null,"words":null}}]; return: null
2015-04-26 13:54:39 INFO  [Thread-1       ] LogInvoHandler :: ____invoke method: getMsg; args: null; return: {"msg":{"publisher":"쨝쥙풣","msgNum":"1","receiver":null,"words":null}}
2015-04-26 22:42:12 INFO  [pool-1-thread-1] LogInvoHandler :: ____invoke method: addMsg; args: [{"msg":{"publisher":"쨝쥙풣","msgNum":"1","receiver":null,"words":null}}]; return: null
2015-04-26 22:42:12 INFO  [Thread-1       ] LogInvoHandler :: ____invoke method: getMsg; args: null; return: {"msg":{"publisher":"쨝쥙풣","msgNum":"1","receiver":null,"words":null}}
2015-04-26 22:42:23 INFO  [pool-1-thread-1] LogInvoHandler :: ____invoke method: addMsg; args: [{"msg":{"publisher":"쨝쥙풣","msgNum":"1","receiver":null,"words":null}}]; return: null
2015-04-26 22:42:23 INFO  [Thread-1       ] LogInvoHandler :: ____invoke method: getMsg; args: null; return: {"msg":{"publisher":"쨝쥙풣","msgNum":"1","receiver":null,"words":null}}
2015-04-26 22:42:33 INFO  [pool-1-thread-1] LogInvoHandler :: ____invoke method: addMsg; args: [{"msg":{"publisher":"쨝쥙풣","msgNum":"3","receiver":null,"words":"쓅엀"}}]; return: null
2015-04-26 22:42:33 INFO  [Thread-1       ] LogInvoHandler :: ____invoke method: getMsg; args: null; return: {"msg":{"publisher":"쨝쥙풣","msgNum":"3","receiver":null,"words":"쓅엀"}}
2015-04-26 22:42:44 INFO  [pool-1-thread-2] LogInvoHandler :: ____invoke method: addMsg; args: [{"msg":{"publisher":"왂옿쨝쥙풣","msgNum":"1","receiver":null,"words":null}}]; return: null
2015-04-26 22:42:44 INFO  [Thread-1       ] LogInvoHandler :: ____invoke method: getMsg; args: null; return: {"msg":{"publisher":"왂옿쨝쥙풣","msgNum":"1","receiver":null,"words":null}}
2015-04-26 22:42:47 INFO  [pool-1-thread-2] LogInvoHandler :: ____invoke method: addMsg; args: [{"msg":{"publisher":"왂옿쨝쥙풣","msgNum":"2","receiver":"쨝쥙풣","words":"왂옿"}}]; return: null
2015-04-26 22:42:47 INFO  [Thread-1       ] LogInvoHandler :: ____invoke method: getMsg; args: null; return: {"msg":{"publisher":"왂옿쨝쥙풣","msgNum":"2","receiver":"쨝쥙풣","words":"왂옿"}}
2015-04-26 22:42:55 INFO  [pool-1-thread-2] LogInvoHandler :: ____invoke method: addMsg; args: [{"msg":{"publisher":"왂옿쨝쥙풣","msgNum":"4","receiver":null,"words":null}}]; return: null
2015-04-26 22:42:55 INFO  [Thread-1       ] LogInvoHandler :: ____invoke method: getMsg; args: null; return: {"msg":{"publisher":"왂옿쨝쥙풣","msgNum":"4","receiver":null,"words":null}}
2015-04-26 22:43:00 INFO  [pool-1-thread-1] LogInvoHandler :: ____invoke method: addMsg; args: [{"msg":{"publisher":"쨝쥙풣","msgNum":"4","receiver":null,"words":null}}]; return: null
2015-04-26 22:43:00 INFO  [Thread-1       ] LogInvoHandler :: ____invoke method: getMsg; args: null; return: {"msg":{"publisher":"쨝쥙풣","msgNum":"4","receiver":null,"words":null}}
2015-04-26 22:44:47 INFO  [pool-1-thread-3] LogInvoHandler :: ____invoke method: addMsg; args: [{"msg":{"publisher":"쨝쥙풣","msgNum":"1","receiver":null,"words":null}}]; return: null
2015-04-26 22:44:47 INFO  [Thread-1       ] LogInvoHandler :: ____invoke method: getMsg; args: null; return: {"msg":{"publisher":"쨝쥙풣","msgNum":"1","receiver":null,"words":null}}
2015-04-26 22:44:49 INFO  [pool-1-thread-3] LogInvoHandler :: ____invoke method: addMsg; args: [{"msg":{"publisher":"쨝쥙풣","msgNum":"1","receiver":null,"words":null}}]; return: null
2015-04-26 22:44:49 INFO  [Thread-1       ] LogInvoHandler :: ____invoke method: getMsg; args: null; return: {"msg":{"publisher":"쨝쥙풣","msgNum":"1","receiver":null,"words":null}}
2015-04-26 22:44:53 INFO  [pool-1-thread-3] LogInvoHandler :: ____invoke method: addMsg; args: [{"msg":{"publisher":"쨝쥙풣","msgNum":"3","receiver":null,"words":"정젔"}}]; return: null
2015-04-26 22:44:53 INFO  [Thread-1       ] LogInvoHandler :: ____invoke method: getMsg; args: null; return: {"msg":{"publisher":"쨝쥙풣","msgNum":"3","receiver":null,"words":"정젔"}}
2015-04-26 22:45:02 INFO  [pool-1-thread-4] LogInvoHandler :: ____invoke method: addMsg; args: [{"msg":{"publisher":"찞廚竊쀀橡","msgNum":"1","receiver":null,"words":null}}]; return: null
2015-04-26 22:45:02 INFO  [Thread-1       ] LogInvoHandler :: ____invoke method: getMsg; args: null; return: {"msg":{"publisher":"찞廚竊쀀橡","msgNum":"1","receiver":null,"words":null}}
2015-04-26 22:45:05 INFO  [pool-1-thread-4] LogInvoHandler :: ____invoke method: addMsg; args: [{"msg":{"publisher":"찞廚竊쀀橡","msgNum":"2","receiver":"쨝쥙풣","words":"웲옿웲"}}]; return: null
2015-04-26 22:45:05 INFO  [Thread-1       ] LogInvoHandler :: ____invoke method: getMsg; args: null; return: {"msg":{"publisher":"찞廚竊쀀橡","msgNum":"2","receiver":"쨝쥙풣","words":"웲옿웲"}}
2015-04-26 22:45:07 INFO  [pool-1-thread-4] LogInvoHandler :: ____invoke method: addMsg; args: [{"msg":{"publisher":"찞廚竊쀀橡","msgNum":"2","receiver":"쨝쥙풣","words":"익찞廚"}}]; return: null
2015-04-26 22:45:07 INFO  [Thread-1       ] LogInvoHandler :: ____invoke method: getMsg; args: null; return: {"msg":{"publisher":"찞廚竊쀀橡","msgNum":"2","receiver":"쨝쥙풣","words":"익찞廚"}}
2015-04-26 22:45:15 INFO  [pool-1-thread-3] LogInvoHandler :: ____invoke method: addMsg; args: [{"msg":{"publisher":"쨝쥙풣","msgNum":"2","receiver":"찞廚竊쀀橡","words":"업퉍쟛찞廚"}}]; return: null
2015-04-26 22:45:15 INFO  [Thread-1       ] LogInvoHandler :: ____invoke method: getMsg; args: null; return: {"msg":{"publisher":"쨝쥙풣","msgNum":"2","receiver":"찞廚竊쀀橡","words":"업퉍쟛찞廚"}}
2015-04-26 22:45:20 INFO  [pool-1-thread-4] LogInvoHandler :: ____invoke method: addMsg; args: [{"msg":{"publisher":"찞廚竊쀀橡","msgNum":"4","receiver":null,"words":null}}]; return: null
2015-04-26 22:45:20 INFO  [Thread-1       ] LogInvoHandler :: ____invoke method: getMsg; args: null; return: {"msg":{"publisher":"찞廚竊쀀橡","msgNum":"4","receiver":null,"words":null}}
2015-04-26 22:45:23 INFO  [pool-1-thread-3] LogInvoHandler :: ____invoke method: addMsg; args: [{"msg":{"publisher":"쨝쥙풣","msgNum":"4","receiver":null,"words":null}}]; return: null
2015-04-26 22:45:23 INFO  [Thread-1       ] LogInvoHandler :: ____invoke method: getMsg; args: null; return: {"msg":{"publisher":"쨝쥙풣","msgNum":"4","receiver":null,"words":null}}
2015-04-26 22:45:31 INFO  [pool-1-thread-3] LogInvoHandler :: ____invoke method: addMsg; args: [{"msg":{"publisher":"쨝쥙풣","msgNum":"1","receiver":null,"words":null}}]; return: null
2015-04-26 22:45:31 INFO  [Thread-1       ] LogInvoHandler :: ____invoke method: getMsg; args: null; return: {"msg":{"publisher":"쨝쥙풣","msgNum":"1","receiver":null,"words":null}}
2015-04-26 22:45:39 INFO  [pool-1-thread-4] LogInvoHandler :: ____invoke method: addMsg; args: [{"msg":{"publisher":"왃쨝쥙풣","msgNum":"1","receiver":null,"words":null}}]; return: null
2015-04-26 22:45:39 INFO  [Thread-1       ] LogInvoHandler :: ____invoke method: getMsg; args: null; return: {"msg":{"publisher":"왃쨝쥙풣","msgNum":"1","receiver":null,"words":null}}
2015-04-26 22:45:41 INFO  [pool-1-thread-4] LogInvoHandler :: ____invoke method: addMsg; args: [{"msg":{"publisher":"왃쨝쥙풣","msgNum":"1","receiver":null,"words":null}}]; return: null
2015-04-26 22:45:41 INFO  [Thread-1       ] LogInvoHandler :: ____invoke method: getMsg; args: null; return: {"msg":{"publisher":"왃쨝쥙풣","msgNum":"1","receiver":null,"words":null}}
2015-04-26 22:45:45 INFO  [pool-1-thread-4] LogInvoHandler :: ____invoke method: addMsg; args: [{"msg":{"publisher":"왃쨝쥙풣","msgNum":"2","receiver":"쨝쥙풣","words":"切뭵찞廚"}}]; return: null
2015-04-26 22:45:45 INFO  [Thread-1       ] LogInvoHandler :: ____invoke method: getMsg; args: null; return: {"msg":{"publisher":"왃쨝쥙풣","msgNum":"2","receiver":"쨝쥙풣","words":"切뭵찞廚"}}
2015-04-26 22:45:51 INFO  [pool-1-thread-3] LogInvoHandler :: ____invoke method: addMsg; args: [{"msg":{"publisher":"쨝쥙풣","msgNum":"2","receiver":"왃쨝쥙풣","words":"왂옿"}}]; return: null
2015-04-26 22:45:51 INFO  [Thread-1       ] LogInvoHandler :: ____invoke method: getMsg; args: null; return: {"msg":{"publisher":"쨝쥙풣","msgNum":"2","receiver":"왃쨝쥙풣","words":"왂옿"}}
2015-04-26 22:46:04 INFO  [pool-1-thread-3] LogInvoHandler :: ____invoke method: addMsg; args: [{"msg":{"publisher":"쨝쥙풣","msgNum":"4","receiver":null,"words":null}}]; return: null
2015-04-26 22:46:04 INFO  [Thread-1       ] LogInvoHandler :: ____invoke method: getMsg; args: null; return: {"msg":{"publisher":"쨝쥙풣","msgNum":"4","receiver":null,"words":null}}
2015-04-26 22:46:05 INFO  [pool-1-thread-4] LogInvoHandler :: ____invoke method: addMsg; args: [{"msg":{"publisher":"왃쨝쥙풣","msgNum":"2","receiver":"쨝쥙풣","words":"왂옿"}}]; return: null
2015-04-26 22:46:05 INFO  [Thread-1       ] LogInvoHandler :: ____invoke method: getMsg; args: null; return: {"msg":{"publisher":"왃쨝쥙풣","msgNum":"2","receiver":"쨝쥙풣","words":"왂옿"}}
2015-04-27 08:16:29 INFO  [Thread-1       ] LogInvoHandler :: ____invoke method: getMsg; args: null; return: {"msg":{"publisher":"쨝쥙풣","msgNum":"1","receiver":null,"words":null}}
2015-04-27 08:16:29 INFO  [pool-1-thread-1] LogInvoHandler :: ____invoke method: addMsg; args: [{"msg":{"publisher":"쨝쥙풣","msgNum":"1","receiver":null,"words":null}}]; return: null
2015-04-27 08:16:31 INFO  [pool-1-thread-1] LogInvoHandler :: ____invoke method: addMsg; args: [{"msg":{"publisher":"쨝쥙풣","msgNum":"4","receiver":null,"words":null}}]; return: null
2015-04-27 08:16:31 INFO  [Thread-1       ] LogInvoHandler :: ____invoke method: getMsg; args: null; return: {"msg":{"publisher":"쨝쥙풣","msgNum":"4","receiver":null,"words":null}}
2015-04-27 11:11:41 INFO  [Thread-1       ] LogInvoHandler :: ____invoke method: getMsg; args: null; return: {"msg":{"publisher":"쨝쥙풣","msgNum":"1","receiver":null,"words":null}}
2015-04-27 11:11:41 INFO  [pool-1-thread-1] LogInvoHandler :: ____invoke method: addMsg; args: [{"msg":{"publisher":"쨝쥙풣","msgNum":"1","receiver":null,"words":null}}]; return: null
2015-04-27 11:11:44 INFO  [pool-1-thread-1] LogInvoHandler :: ____invoke method: addMsg; args: [{"msg":{"publisher":"쨝쥙풣","msgNum":"1","receiver":null,"words":null}}]; return: null
2015-04-27 11:11:44 INFO  [Thread-1       ] LogInvoHandler :: ____invoke method: getMsg; args: null; return: {"msg":{"publisher":"쨝쥙풣","msgNum":"1","receiver":null,"words":null}}
2015-04-27 11:11:47 INFO  [pool-1-thread-1] LogInvoHandler :: ____invoke method: addMsg; args: [{"msg":{"publisher":"쨝쥙풣","msgNum":"3","receiver":null,"words":"왂옿"}}]; return: null
2015-04-27 11:11:47 INFO  [Thread-1       ] LogInvoHandler :: ____invoke method: getMsg; args: null; return: {"msg":{"publisher":"쨝쥙풣","msgNum":"3","receiver":null,"words":"왂옿"}}
2015-04-27 11:11:55 INFO  [pool-1-thread-2] LogInvoHandler :: ____invoke method: addMsg; args: [{"msg":{"publisher":"‰턒쀀橡","msgNum":"1","receiver":null,"words":null}}]; return: null
2015-04-27 11:11:55 INFO  [Thread-1       ] LogInvoHandler :: ____invoke method: getMsg; args: null; return: {"msg":{"publisher":"‰턒쀀橡","msgNum":"1","receiver":null,"words":null}}
2015-04-27 11:11:57 INFO  [pool-1-thread-2] LogInvoHandler :: ____invoke method: addMsg; args: [{"msg":{"publisher":"‰턒쀀橡","msgNum":"2","receiver":"쨝쥙풣","words":""}}]; return: null
2015-04-27 11:11:57 INFO  [Thread-1       ] LogInvoHandler :: ____invoke method: getMsg; args: null; return: {"msg":{"publisher":"‰턒쀀橡","msgNum":"2","receiver":"쨝쥙풣","words":""}}
2015-04-27 11:11:58 INFO  [pool-1-thread-2] LogInvoHandler :: ____invoke method: addMsg; args: [{"msg":{"publisher":"‰턒쀀橡","msgNum":"2","receiver":"쨝쥙풣","words":"왂옿"}}]; return: null
2015-04-27 11:11:58 INFO  [Thread-1       ] LogInvoHandler :: ____invoke method: getMsg; args: null; return: {"msg":{"publisher":"‰턒쀀橡","msgNum":"2","receiver":"쨝쥙풣","words":"왂옿"}}
2015-04-27 11:12:04 INFO  [pool-1-thread-1] LogInvoHandler :: ____invoke method: addMsg; args: [{"msg":{"publisher":"쨝쥙풣","msgNum":"2","receiver":"‰턒쀀橡","words":"찞廚"}}]; return: null
2015-04-27 11:12:04 INFO  [Thread-1       ] LogInvoHandler :: ____invoke method: getMsg; args: null; return: {"msg":{"publisher":"쨝쥙풣","msgNum":"2","receiver":"‰턒쀀橡","words":"찞廚"}}
2015-04-27 11:12:06 INFO  [pool-1-thread-2] LogInvoHandler :: ____invoke method: addMsg; args: [{"msg":{"publisher":"‰턒쀀橡","msgNum":"2","receiver":"쨝쥙풣","words":"찞廚"}}]; return: null
2015-04-27 11:12:06 INFO  [Thread-1       ] LogInvoHandler :: ____invoke method: getMsg; args: null; return: {"msg":{"publisher":"‰턒쀀橡","msgNum":"2","receiver":"쨝쥙풣","words":"찞廚"}}
2015-04-27 11:12:14 INFO  [pool-1-thread-2] LogInvoHandler :: ____invoke method: addMsg; args: [{"msg":{"publisher":"‰턒쀀橡","msgNum":"3","receiver":null,"words":"왂옿"}}]; return: null
2015-04-27 11:12:14 INFO  [Thread-1       ] LogInvoHandler :: ____invoke method: getMsg; args: null; return: {"msg":{"publisher":"‰턒쀀橡","msgNum":"3","receiver":null,"words":"왂옿"}}
2015-04-27 11:12:18 INFO  [pool-1-thread-2] LogInvoHandler :: ____invoke method: addMsg; args: [{"msg":{"publisher":"‰턒쀀橡","msgNum":"4","receiver":null,"words":null}}]; return: null
2015-04-27 11:12:18 INFO  [Thread-1       ] LogInvoHandler :: ____invoke method: getMsg; args: null; return: {"msg":{"publisher":"‰턒쀀橡","msgNum":"4","receiver":null,"words":null}}
2015-04-27 11:12:20 INFO  [pool-1-thread-1] LogInvoHandler :: ____invoke method: addMsg; args: [{"msg":{"publisher":"쨝쥙풣","msgNum":"4","receiver":null,"words":null}}]; return: null
2015-04-27 11:12:20 INFO  [Thread-1       ] LogInvoHandler :: ____invoke method: getMsg; args: null; return: {"msg":{"publisher":"쨝쥙풣","msgNum":"4","receiver":null,"words":null}}
